2018-10-09 16:38:38.216  INFO 17764 --- [restartedMain] c.s.service.ZmStudyServiceApplication    : No active profile set, falling back to default profiles: default
2018-10-09 16:38:38.226  INFO 17764 --- [restartedMain] ConfigServletWebServerApplicationContext : Refreshing org.springframework.boot.web.servlet.context.AnnotationConfigServletWebServerApplicationContext@383d4e0b: startup date [Tue Oct 09 16:38:38 CST 2018]; parent: org.springframework.context.annotation.AnnotationConfigApplicationContext@22893d94
2018-10-09 16:38:38.782  INFO 17764 --- [restartedMain] o.s.cloud.context.scope.GenericScope     : BeanFactory id=c5a52cba-3ba8-31e7-b86a-17a8d43e226a
2018-10-09 16:38:38.789  INFO 17764 --- [restartedMain] f.a.AutowiredAnnotationBeanPostProcessor : JSR-330 'javax.inject.Inject' annotation found and supported for autowiring
2018-10-09 16:38:38.838  INFO 17764 --- [restartedMain] trationDelegate$BeanPostProcessorChecker : Bean 'org.springframework.cloud.autoconfigure.ConfigurationPropertiesRebinderAutoConfiguration' of type [org.springframework.cloud.autoconfigure.ConfigurationPropertiesRebinderAutoConfiguration$$EnhancerBySpringCGLIB$$364e408b] is not eligible for getting processed by all BeanPostProcessors (for example: not eligible for auto-proxying)
2018-10-09 16:38:39.165  INFO 17764 --- [restartedMain] o.s.b.w.embedded.tomcat.TomcatWebServer  : Tomcat initialized with port(s): 9002 (http)
2018-10-09 16:38:39.180  INFO 17764 --- [restartedMain] o.apache.catalina.core.StandardService   : Starting service [Tomcat]
2018-10-09 16:38:39.180  INFO 17764 --- [restartedMain] org.apache.catalina.core.StandardEngine  : Starting Servlet Engine: Apache Tomcat/8.5.34
2018-10-09 16:38:39.183  INFO 17764 --- [localhost-startStop-1] o.a.catalina.core.AprLifecycleListener   : The APR based Apache Tomcat Native library which allows optimal performance in production environments was not found on the java.library.path: [E:\java\jdk1.8\bin;C:\WINDOWS\Sun\Java\bin;C:\WINDOWS\system32;C:\WINDOWS;C:\ProgramData\Oracle\Java\javapath;C:\Program Files (x86)\Intel\Intel(R) Management Engine Components\iCLS\;C:\Program Files\Intel\Intel(R) Management Engine Components\iCLS\;C:\Windows\system32;C:\Windows;C:\Windows\System32\Wbem;C:\Windows\System32\WindowsPowerShell\v1.0\;C:\Program Files (x86)\Intel\Intel(R) Management Engine Components\DAL;C:\Program Files\Intel\Intel(R) Management Engine Components\DAL;C:\Program Files (x86)\Intel\Intel(R) Management Engine Components\IPT;C:\Program Files\Intel\Intel(R) Management Engine Components\IPT;C:\Program Files (x86)\NVIDIA Corporation\PhysX\Common;E:\java\jdk1.8\bin;E:\java\jdk1.8\jre\bin;E:\soft\svn\bin;E:\work\maven\apache-maven-3.3.9\bin;C:\WINDOWS\system32;C:\WINDOWS;C:\WINDOWS\System32\Wbem;C:\WINDOWS\System32\WindowsPowerShell\v1.0\;C:\WINDOWS\System32\OpenSSH\;E:\work\mysql\mysql-5.6.25-winx64\bin;;E:\soft\vscode\Microsoft VS Code\bin;E:\soft\python\Scripts\;E:\soft\python\;C:\Users\shev\AppData\Local\Microsoft\WindowsApps;C:\Users\shev\AppData\Local\GitHubDesktop\bin;E:\soft\Fiddler;.]
2018-10-09 16:38:39.259  INFO 17764 --- [localhost-startStop-1] o.a.c.c.C.[Tomcat].[localhost].[/]       : Initializing Spring embedded WebApplicationContext
2018-10-09 16:38:39.259  INFO 17764 --- [localhost-startStop-1] o.s.web.context.ContextLoader            : Root WebApplicationContext: initialization completed in 1033 ms
2018-10-09 16:38:39.307  INFO 17764 --- [localhost-startStop-1] o.s.b.w.servlet.ServletRegistrationBean  : Servlet dispatcherServlet mapped to [/]
2018-10-09 16:38:39.310  INFO 17764 --- [localhost-startStop-1] o.s.b.w.servlet.FilterRegistrationBean   : Mapping filter: 'characterEncodingFilter' to: [/*]
2018-10-09 16:38:39.311  INFO 17764 --- [localhost-startStop-1] o.s.b.w.servlet.FilterRegistrationBean   : Mapping filter: 'hiddenHttpMethodFilter' to: [/*]
2018-10-09 16:38:39.311  INFO 17764 --- [localhost-startStop-1] o.s.b.w.servlet.FilterRegistrationBean   : Mapping filter: 'httpPutFormContentFilter' to: [/*]
2018-10-09 16:38:39.311  INFO 17764 --- [localhost-startStop-1] o.s.b.w.servlet.FilterRegistrationBean   : Mapping filter: 'requestContextFilter' to: [/*]
2018-10-09 16:38:39.334  WARN 17764 --- [restartedMain] ConfigServletWebServerApplicationContext : Exception encountered during context initialization - cancelling refresh attempt: org.springframework.beans.factory.UnsatisfiedDependencyException: Error creating bean with name 'loginController': Unsatisfied dependency expressed through field 'loginService'; nested exception is org.springframework.beans.factory.UnsatisfiedDependencyException: Error creating bean with name 'loginServiceImpl': Unsatisfied dependency expressed through field 'restTemplate'; nested exception is org.springframework.beans.factory.NoSuchBeanDefinitionException: No qualifying bean of type 'org.springframework.web.client.RestTemplate' available: expected at least 1 bean which qualifies as autowire candidate. Dependency annotations: {@org.springframework.beans.factory.annotation.Autowired(required=true)}
2018-10-09 16:38:39.335  INFO 17764 --- [restartedMain] o.apache.catalina.core.StandardService   : Stopping service [Tomcat]
2018-10-09 16:38:39.345  INFO 17764 --- [restartedMain] ConditionEvaluationReportLoggingListener : 

Error starting ApplicationContext. To display the conditions report re-run your application with 'debug' enabled.
2018-10-09 16:38:39.503 ERROR 17764 --- [restartedMain] o.s.b.d.LoggingFailureAnalysisReporter   : 

***************************
APPLICATION FAILED TO START
***************************

Description:

Field restTemplate in com.spring.service.service.impl.LoginServiceImpl required a bean of type 'org.springframework.web.client.RestTemplate' that could not be found.


Action:

Consider defining a bean of type 'org.springframework.web.client.RestTemplate' in your configuration.

